<?xml version="1.0" encoding="UTF-8"?>
<testsuite name="OpenAppTest" tests="1" skipped="0" failures="0" errors="0" timestamp="2019-11-10T12:15:21" hostname="DESKTOP-79N8AM4" time="0.002">
  <properties/>
  <testcase name="openAppTest" classname="OpenAppTest" time="0.002"/>
  <system-out><![CDATA[App opened
]]></system-out>
  <system-err><![CDATA[Nov 10, 2019 2:15:21 PM io.appium.java_client.remote.AppiumCommandExecutor$1 lambda$0
INFO: Detected dialect: W3C
]]></system-err>
</testsuite>
