<?xml version="1.0" encoding="UTF-8"?>
<testsuite name="com.trello.selenium.TeamDeletionTest" tests="1" skipped="0" failures="0" errors="0" timestamp="2019-09-16T17:00:28" hostname="DESKTOP-79N8AM4" time="9.151">
  <properties/>
  <testcase name="deleteTeamFromLeftNavMenu" classname="com.trello.selenium.TeamDeletionTest" time="9.151"/>
  <system-out><![CDATA[]]></system-out>
  <system-err><![CDATA[]]></system-err>
</testsuite>
