<?xml version="1.0" encoding="UTF-8"?>
<testsuite name="com.trello.qa.tests.TeamModificationTests" tests="1" skipped="0" failures="0" errors="0" timestamp="2019-09-19T16:10:03" hostname="DESKTOP-79N8AM4" time="15.186">
  <properties/>
  <testcase name="testRenameTeam" classname="com.trello.qa.tests.TeamModificationTests" time="15.186"/>
  <system-out><![CDATA[]]></system-out>
  <system-err><![CDATA[]]></system-err>
</testsuite>
