<?xml version="1.0" encoding="UTF-8"?>
<testsuite name="com.trello.qa.tests.TeamModificationTests" tests="1" skipped="0" failures="0" errors="0" timestamp="2019-09-20T12:48:29" hostname="DESKTOP-79N8AM4" time="20.841">
  <properties/>
  <testcase name="testRenameTeam" classname="com.trello.qa.tests.TeamModificationTests" time="20.841"/>
  <system-out><![CDATA[hh
]]></system-out>
  <system-err><![CDATA[]]></system-err>
</testsuite>
