<?xml version="1.0" encoding="UTF-8"?>
<testsuite name="com.trello.qa.tests.TeamModificationTests" tests="1" skipped="0" failures="0" errors="0" timestamp="2019-09-26T16:24:13" hostname="DESKTOP-79N8AM4" time="18.063">
  <properties/>
  <testcase name="testRenameTeam" classname="com.trello.qa.tests.TeamModificationTests" time="18.063"/>
  <system-out><![CDATA[hh
]]></system-out>
  <system-err><![CDATA[]]></system-err>
</testsuite>
